<?xml version="1.0" encoding="UTF-8"?>
<!-- Generated by org.testng.reporters.JUnitReportReporter -->
<testsuite skipped="0" hostname="Mouneesh-PC" name="org.testleaf.qa.testcases.CreateLeadTestCases" tests="2" failures="0" timestamp="2019-11-10T11:48:31 IST" time="46.712" errors="0">
  <testcase name="runCreateLeadTestCases" time="25.620" classname="org.testleaf.qa.testcases.CreateLeadTestCases"/>
  <testcase name="runCreateLeadTestCases" time="21.092" classname="org.testleaf.qa.testcases.CreateLeadTestCases"/>
</testsuite> <!-- org.testleaf.qa.testcases.CreateLeadTestCases -->
