<?xml version="1.0" encoding="UTF-8"?>
<!-- Generated by org.testng.reporters.JUnitReportReporter -->
<testsuite skipped="0" hostname="Mouneesh-PC" name="org.testleaf.qa.testcases.EditLeadTestCases" tests="2" failures="0" timestamp="2019-11-10T09:38:31 IST" time="56.763" errors="0">
  <testcase name="runEditLeadTestCases" time="28.443" classname="org.testleaf.qa.testcases.EditLeadTestCases"/>
  <testcase name="runEditLeadTestCases" time="28.320" classname="org.testleaf.qa.testcases.EditLeadTestCases"/>
</testsuite> <!-- org.testleaf.qa.testcases.EditLeadTestCases -->
