<?xml version="1.0" encoding="UTF-8"?>
<!-- Generated by org.testng.reporters.JUnitReportReporter -->
<testsuite skipped="0" hostname="Mouneesh-PC" name="org.testleaf.qa.testcases.DuplicateLeadTestCases" tests="2" failures="0" timestamp="2019-11-10T09:11:51 IST" time="50.006" errors="0">
  <testcase name="runDuplicateLeadTestCases" time="24.726" classname="org.testleaf.qa.testcases.DuplicateLeadTestCases"/>
  <testcase name="runDuplicateLeadTestCases" time="25.280" classname="org.testleaf.qa.testcases.DuplicateLeadTestCases"/>
</testsuite> <!-- org.testleaf.qa.testcases.DuplicateLeadTestCases -->
