<?xml version="1.0" encoding="UTF-8"?>
<!-- Generated by org.testng.reporters.JUnitReportReporter -->
<testsuite skipped="0" hostname="Mouneesh-PC" name="org.testleaf.qa.testcases.CreateLeadTestCases" tests="2" failures="0" timestamp="2019-11-10T09:11:51 IST" time="43.847" errors="0">
  <testcase name="runCreateLeadTestCases" time="21.050" classname="org.testleaf.qa.testcases.CreateLeadTestCases"/>
  <testcase name="runCreateLeadTestCases" time="22.797" classname="org.testleaf.qa.testcases.CreateLeadTestCases"/>
</testsuite> <!-- org.testleaf.qa.testcases.CreateLeadTestCases -->
