<?xml version="1.0" encoding="UTF-8"?>
<!-- Generated by org.testng.reporters.JUnitReportReporter -->
<testsuite skipped="0" hostname="Mouneesh-PC" name="org.testleaf.qa.testcases.CreateLeadTestCases" tests="2" failures="0" timestamp="2019-11-10T09:38:31 IST" time="65.056" errors="0">
  <testcase name="runCreateLeadTestCases" time="35.222" classname="org.testleaf.qa.testcases.CreateLeadTestCases"/>
  <testcase name="runCreateLeadTestCases" time="29.834" classname="org.testleaf.qa.testcases.CreateLeadTestCases"/>
</testsuite> <!-- org.testleaf.qa.testcases.CreateLeadTestCases -->
