<?xml version="1.0" encoding="UTF-8"?>
<!-- Generated by org.testng.reporters.JUnitReportReporter -->
<testsuite skipped="0" hostname="Mouneesh-PC" name="org.testleaf.qa.testcases.DuplicateLeadTestCases" tests="2" failures="0" timestamp="2019-11-10T09:38:31 IST" time="48.948" errors="0">
  <testcase name="runDuplicateLeadTestCases" time="23.634" classname="org.testleaf.qa.testcases.DuplicateLeadTestCases"/>
  <testcase name="runDuplicateLeadTestCases" time="25.314" classname="org.testleaf.qa.testcases.DuplicateLeadTestCases"/>
</testsuite> <!-- org.testleaf.qa.testcases.DuplicateLeadTestCases -->
