<?xml version="1.0" encoding="UTF-8"?>
<!-- Generated by org.testng.reporters.JUnitReportReporter -->
<testsuite skipped="0" hostname="Mouneesh-PC" name="org.testleaf.qa.testcases.DeleteLeadTestCases" tests="1" failures="0" timestamp="2019-11-10T09:38:31 IST" time="25.259" errors="0">
  <testcase name="runDeleteLeadTestCases" time="25.259" classname="org.testleaf.qa.testcases.DeleteLeadTestCases"/>
</testsuite> <!-- org.testleaf.qa.testcases.DeleteLeadTestCases -->
